Arguments: 
  C:\Program Files\nodejs\node.exe E:\yarn\bin\yarn.js add element-ui -S

PATH: 
  C:\windows\system32;C:\windows;C:\windows\System32\Wbem;C:\windows\System32\WindowsPowerShell\v1.0\;C:\windows\System32\OpenSSH\;C:\Program Files\nodejs\;C:\Program Files\Git\cmd;E:\yarn\bin\;C:\Users\Administrator\AppData\Local\Microsoft\WindowsApps;C:\Users\Administrator\AppData\Local\Programs\Microsoft VS Code\bin;C:\Users\Administrator\AppData\Roaming\npm;C:\Program Files\Bandizip\;C:\Users\Administrator\AppData\Local\Yarn\bin

Yarn version: 
  1.19.1

Node version: 
  10.16.3

Platform: 
  win32 x64

Trace: 
  Error: EPERM: operation not permitted, unlink 'F:\00000\admin-m\node_modules\node-sass\vendor\win32-x64-64\binding.node'

npm manifest: 
  {
    "name": "admin-m",
    "version": "0.1.0",
    "private": true,
    "scripts": {
      "serve": "vue-cli-service serve",
      "build": "vue-cli-service build",
      "lint": "vue-cli-service lint"
    },
    "dependencies": {
      "core-js": "^3.3.2",
      "sass-resources-loader": "^2.0.1",
      "vue": "^2.6.10",
      "vue-router": "^3.1.3",
      "vuex": "^3.0.1"
    },
    "devDependencies": {
      "@vue/cli-plugin-babel": "^4.0.0",
      "@vue/cli-plugin-eslint": "^4.0.0",
      "@vue/cli-service": "^4.0.0",
      "@vue/eslint-config-prettier": "^5.0.0",
      "babel-eslint": "^10.0.3",
      "eslint": "^5.16.0",
      "eslint-plugin-prettier": "^3.1.1",
      "eslint-plugin-vue": "^5.0.0",
      "node-sass": "^4.13.0",
      "prettier": "^1.18.2",
      "sass-loader": "^8.0.0",
      "vue-template-compiler": "^2.6.10"
    }
  }

yarn manifest: 
  No manifest

Lockfile: 
  No lockfile
